c:\users\user\source\repos\project3\project3\x64\debug\vc143.pdb
c:\users\user\source\repos\project3\project3\x64\debug\.netframework,version=v4.8.1.assemblyattributes.obj
c:\users\user\source\repos\project3\project3\x64\debug\myform1.obj
c:\users\user\source\repos\project3\project3\x64\debug\class.obj
c:\users\user\source\repos\project3\project3\x64\debug\myform2.obj
c:\users\user\source\repos\project3\project3\x64\debug\myform.obj
c:\users\user\source\repos\project3\project3\x64\debug\myform4.obj
c:\users\user\source\repos\project3\project3\x64\debug\myform3.obj
c:\users\user\source\repos\project3\project3\x64\debug\function.obj
c:\users\user\source\repos\project3\x64\debug\project3.exe
c:\users\user\source\repos\project3\x64\debug\project3.pdb
c:\users\asus\onedrive\рабочий стол\project3\project3\x64\debug\project3.vcxproj.assemblyreference.cache
c:\users\asus\onedrive\рабочий стол\project3\project3\x64\debug\project3.vcxproj.generateresource.cache
c:\users\asus\onedrive\рабочий стол\project3\project3\x64\debug\.netframework,version=v4.8.1.assemblyattributes.obj
c:\users\asus\onedrive\рабочий стол\project3\project3\x64\debug\class.obj
c:\users\asus\onedrive\рабочий стол\project3\project3\x64\debug\function.obj
c:\users\asus\onedrive\рабочий стол\project3\project3\x64\debug\myform.obj
c:\users\asus\onedrive\рабочий стол\project3\project3\x64\debug\myform1.obj
c:\users\asus\onedrive\рабочий стол\project3\project3\x64\debug\myform2.obj
c:\users\asus\onedrive\рабочий стол\project3\project3\x64\debug\myform3.obj
c:\users\asus\onedrive\рабочий стол\project3\project3\x64\debug\myform4.obj
c:\users\asus\onedrive\рабочий стол\project3\project3\x64\debug\project3.myform.resources
c:\users\asus\onedrive\рабочий стол\project3\project3\x64\debug\project3.myform1.resources
c:\users\asus\onedrive\рабочий стол\project3\project3\x64\debug\project3.myform2.resources
c:\users\asus\onedrive\рабочий стол\project3\project3\x64\debug\project3.myform3.resources
c:\users\asus\onedrive\рабочий стол\project3\project3\x64\debug\project3.myform4.resources
c:\users\asus\onedrive\рабочий стол\project3\project3\x64\debug\vc143.pdb
c:\users\asus\onedrive\рабочий стол\project3\x64\debug\project3.pdb
c:\users\asus\onedrive\рабочий стол\project3\x64\debug\project3.exe
c:\users\asus\onedrive\рабочий стол\project3\project3\x64\debug\project3.tlog\cl.command.1.tlog
c:\users\asus\onedrive\рабочий стол\project3\project3\x64\debug\project3.tlog\cl.items.tlog
c:\users\asus\onedrive\рабочий стол\project3\project3\x64\debug\project3.tlog\cl.read.1.tlog
c:\users\asus\onedrive\рабочий стол\project3\project3\x64\debug\project3.tlog\cl.write.1.tlog
c:\users\asus\onedrive\рабочий стол\project3\project3\x64\debug\project3.tlog\link.command.1.tlog
c:\users\asus\onedrive\рабочий стол\project3\project3\x64\debug\project3.tlog\link.read.1.tlog
c:\users\asus\onedrive\рабочий стол\project3\project3\x64\debug\project3.tlog\link.secondary.1.tlog
c:\users\asus\onedrive\рабочий стол\project3\project3\x64\debug\project3.tlog\link.write.1.tlog
c:\users\asus\onedrive\рабочий стол\project3\project3\x64\debug\project3.tlog\metagen.read.1.tlog
c:\users\asus\onedrive\рабочий стол\project3\project3\x64\debug\project3.tlog\metagen.write.1.tlog
c:\users\asus\onedrive\рабочий стол\project3\project3\x64\debug\project3.tlog\resgen.command.1.tlog
c:\users\asus\onedrive\рабочий стол\project3\project3\x64\debug\project3.tlog\resgen.read.1.tlog
c:\users\asus\onedrive\рабочий стол\project3\project3\x64\debug\project3.tlog\resgen.write.1.tlog
